[2024-02-22 14:43:29Z INFO HostContext] No proxy settings were found based on environmental variables (http_proxy/https_proxy/HTTP_PROXY/HTTPS_PROXY)
[2024-02-22 14:43:29Z INFO HostContext] Well known directory 'Bin': '/Users/mohammedchakri/pypy/actions-runner/bin'
[2024-02-22 14:43:29Z INFO HostContext] Well known directory 'Root': '/Users/mohammedchakri/pypy/actions-runner'
[2024-02-22 14:43:29Z INFO HostContext] Well known config file 'Credentials': '/Users/mohammedchakri/pypy/actions-runner/.credentials'
[2024-02-22 14:43:29Z INFO HostContext] Well known directory 'Bin': '/Users/mohammedchakri/pypy/actions-runner/bin'
[2024-02-22 14:43:29Z INFO HostContext] Well known directory 'Root': '/Users/mohammedchakri/pypy/actions-runner'
[2024-02-22 14:43:29Z INFO HostContext] Well known config file 'Runner': '/Users/mohammedchakri/pypy/actions-runner/.runner'
[2024-02-22 14:43:29Z INFO Listener] Runner is built for OSX (Arm64) - osx-arm64.
[2024-02-22 14:43:29Z INFO Listener] RuntimeInformation: Darwin 22.1.0 Darwin Kernel Version 22.1.0: Sun Oct  9 20:15:52 PDT 2022; root:xnu-8792.41.9~2/RELEASE_ARM64_T8112.
[2024-02-22 14:43:29Z INFO Listener] Version: 2.313.0
[2024-02-22 14:43:29Z INFO Listener] Commit: d502c4623e5cd140e949f1e644ffe03762bd4151
[2024-02-22 14:43:29Z INFO Listener] Culture: en-BE
[2024-02-22 14:43:29Z INFO Listener] UI Culture: en-BE
[2024-02-22 14:43:29Z INFO HostContext] Well known directory 'Bin': '/Users/mohammedchakri/pypy/actions-runner/bin'
[2024-02-22 14:43:29Z INFO HostContext] Well known directory 'Root': '/Users/mohammedchakri/pypy/actions-runner'
[2024-02-22 14:43:29Z INFO Listener] Validating directory permissions for: '/Users/mohammedchakri/pypy/actions-runner'
[2024-02-22 14:43:29Z INFO CommandLineParser] Parse
[2024-02-22 14:43:29Z INFO CommandLineParser] Parsing 5 args
[2024-02-22 14:43:29Z INFO CommandLineParser] parsing argument
[2024-02-22 14:43:29Z INFO CommandLineParser] HasArgs: False
[2024-02-22 14:43:29Z INFO CommandLineParser] Adding Command: configure
[2024-02-22 14:43:29Z INFO CommandLineParser] parsing argument
[2024-02-22 14:43:29Z INFO CommandLineParser] HasArgs: True
[2024-02-22 14:43:29Z INFO CommandLineParser] arg: url
[2024-02-22 14:43:29Z INFO CommandLineParser] parsing argument
[2024-02-22 14:43:29Z INFO CommandLineParser] HasArgs: True
[2024-02-22 14:43:29Z INFO CommandLineParser] Adding option 'url': 'https://github.com/chakri-m/pypy'
[2024-02-22 14:43:29Z INFO CommandLineParser] parsing argument
[2024-02-22 14:43:29Z INFO CommandLineParser] HasArgs: True
[2024-02-22 14:43:29Z INFO CommandLineParser] arg: token
[2024-02-22 14:43:29Z INFO CommandLineParser] parsing argument
[2024-02-22 14:43:29Z INFO CommandLineParser] HasArgs: True
[2024-02-22 14:43:29Z INFO CommandLineParser] Adding option 'token': '***'
[2024-02-22 14:43:29Z INFO Listener] Arguments parsed
[2024-02-22 14:43:29Z INFO Runner] ExecuteCommand
[2024-02-22 14:43:29Z INFO ConfigurationStore] currentAssemblyLocation: /Users/mohammedchakri/pypy/actions-runner/bin/Runner.Listener.dll
[2024-02-22 14:43:29Z INFO HostContext] Well known directory 'Bin': '/Users/mohammedchakri/pypy/actions-runner/bin'
[2024-02-22 14:43:29Z INFO ConfigurationStore] binPath: /Users/mohammedchakri/pypy/actions-runner/bin
[2024-02-22 14:43:29Z INFO HostContext] Well known directory 'Bin': '/Users/mohammedchakri/pypy/actions-runner/bin'
[2024-02-22 14:43:29Z INFO HostContext] Well known directory 'Root': '/Users/mohammedchakri/pypy/actions-runner'
[2024-02-22 14:43:29Z INFO ConfigurationStore] RootFolder: /Users/mohammedchakri/pypy/actions-runner
[2024-02-22 14:43:29Z INFO HostContext] Well known directory 'Bin': '/Users/mohammedchakri/pypy/actions-runner/bin'
[2024-02-22 14:43:29Z INFO HostContext] Well known directory 'Root': '/Users/mohammedchakri/pypy/actions-runner'
[2024-02-22 14:43:29Z INFO HostContext] Well known config file 'Runner': '/Users/mohammedchakri/pypy/actions-runner/.runner'
[2024-02-22 14:43:29Z INFO ConfigurationStore] ConfigFilePath: /Users/mohammedchakri/pypy/actions-runner/.runner
[2024-02-22 14:43:29Z INFO HostContext] Well known directory 'Bin': '/Users/mohammedchakri/pypy/actions-runner/bin'
[2024-02-22 14:43:29Z INFO HostContext] Well known directory 'Root': '/Users/mohammedchakri/pypy/actions-runner'
[2024-02-22 14:43:29Z INFO HostContext] Well known config file 'Credentials': '/Users/mohammedchakri/pypy/actions-runner/.credentials'
[2024-02-22 14:43:29Z INFO ConfigurationStore] CredFilePath: /Users/mohammedchakri/pypy/actions-runner/.credentials
[2024-02-22 14:43:29Z INFO HostContext] Well known directory 'Bin': '/Users/mohammedchakri/pypy/actions-runner/bin'
[2024-02-22 14:43:29Z INFO HostContext] Well known directory 'Root': '/Users/mohammedchakri/pypy/actions-runner'
[2024-02-22 14:43:29Z INFO HostContext] Well known config file 'MigratedCredentials': '/Users/mohammedchakri/pypy/actions-runner/.credentials_migrated'
[2024-02-22 14:43:29Z INFO ConfigurationStore] MigratedCredFilePath: /Users/mohammedchakri/pypy/actions-runner/.credentials_migrated
[2024-02-22 14:43:29Z INFO HostContext] Well known directory 'Bin': '/Users/mohammedchakri/pypy/actions-runner/bin'
[2024-02-22 14:43:29Z INFO HostContext] Well known directory 'Root': '/Users/mohammedchakri/pypy/actions-runner'
[2024-02-22 14:43:29Z INFO HostContext] Well known config file 'Service': '/Users/mohammedchakri/pypy/actions-runner/.service'
[2024-02-22 14:43:29Z INFO ConfigurationStore] ServiceConfigFilePath: /Users/mohammedchakri/pypy/actions-runner/.service
[2024-02-22 14:43:29Z INFO CommandSettings] Flag 'help': 'False'
[2024-02-22 14:43:29Z INFO CommandSettings] Flag 'version': 'False'
[2024-02-22 14:43:29Z INFO CommandSettings] Flag 'commit': 'False'
[2024-02-22 14:43:29Z INFO CommandSettings] Flag 'check': 'False'
[2024-02-22 14:43:29Z INFO CommandSettings] Command 'configure': 'True'
[2024-02-22 14:43:29Z INFO Terminal] WRITE LINE: 
[2024-02-22 14:43:29Z INFO Terminal] WRITE LINE: --------------------------------------------------------------------------------
[2024-02-22 14:43:29Z INFO Terminal] WRITE LINE: |        ____ _ _   _   _       _          _        _   _                      |
[2024-02-22 14:43:29Z INFO Terminal] WRITE LINE: |       / ___(_) |_| | | |_   _| |__      / \   ___| |_(_) ___  _ __  ___      |
[2024-02-22 14:43:29Z INFO Terminal] WRITE LINE: |      | |  _| | __| |_| | | | | '_ \    / _ \ / __| __| |/ _ \| '_ \/ __|     |
[2024-02-22 14:43:29Z INFO Terminal] WRITE LINE: |      | |_| | | |_|  _  | |_| | |_) |  / ___ \ (__| |_| | (_) | | | \__ \     |
[2024-02-22 14:43:29Z INFO Terminal] WRITE LINE: |       \____|_|\__|_| |_|\__,_|_.__/  /_/   \_\___|\__|_|\___/|_| |_|___/     |
[2024-02-22 14:43:29Z INFO Terminal] WRITE LINE: |                                                                              |
[2024-02-22 14:43:29Z INFO Terminal] WRITE: |                       
[2024-02-22 14:43:29Z INFO Terminal] WRITE: Self-hosted runner registration
[2024-02-22 14:43:29Z INFO Terminal] WRITE LINE:                         |
[2024-02-22 14:43:29Z INFO Terminal] WRITE LINE: |                                                                              |
[2024-02-22 14:43:29Z INFO Terminal] WRITE LINE: --------------------------------------------------------------------------------
[2024-02-22 14:43:29Z INFO ConfigurationManager] ConfigureAsync
[2024-02-22 14:43:29Z INFO CommandSettings] Flag 'generateServiceConfig': 'False'
[2024-02-22 14:43:29Z INFO ConfigurationStore] IsConfigured()
[2024-02-22 14:43:29Z INFO ConfigurationStore] IsConfigured: True
[2024-02-22 14:43:29Z INFO ConfigurationManager] Is configured: True
[2024-02-22 14:43:29Z ERR  Runner] System.InvalidOperationException: Cannot configure the runner because it is already configured. To reconfigure the runner, run 'config.cmd remove' or './config.sh remove' first.
   at GitHub.Runner.Listener.Configuration.ConfigurationManager.ConfigureAsync(CommandSettings command)
   at GitHub.Runner.Listener.Runner.ExecuteCommand(CommandSettings command)
[2024-02-22 14:43:29Z ERR  Terminal] WRITE ERROR: Cannot configure the runner because it is already configured. To reconfigure the runner, run 'config.cmd remove' or './config.sh remove' first.
[2024-02-22 14:43:29Z INFO Listener] Runner execution has finished with return code 1
